[debug] [2018-06-12T04:36:32.782Z] ----------------------------------------------------------------------
[debug] [2018-06-12T04:36:32.784Z] Command:       C:\Program Files\nodejs\node.exe C:\Users\ernes\AppData\Roaming\npm\node_modules\firebase-tools\bin\firebase deploy
[debug] [2018-06-12T04:36:32.784Z] CLI Version:   3.18.6
[debug] [2018-06-12T04:36:32.784Z] Platform:      win32
[debug] [2018-06-12T04:36:32.784Z] Node Version:  v8.11.1
[debug] [2018-06-12T04:36:32.785Z] Time:          Tue Jun 12 2018 12:36:32 GMT+0800 (Malay Peninsula Standard Time)
[debug] [2018-06-12T04:36:32.785Z] ----------------------------------------------------------------------
[debug] 
[debug] [2018-06-12T04:36:32.794Z] > command requires scopes: ["email","openid","https://www.googleapis.com/auth/cloudplatformprojects.readonly","https://www.googleapis.com/auth/firebase","https://www.googleapis.com/auth/cloud-platform"]
[debug] [2018-06-12T04:36:32.794Z] > authorizing via signed-in user
[debug] [2018-06-12T04:36:32.796Z] > refreshing access token with scopes: ["email","https://www.googleapis.com/auth/cloud-platform","https://www.googleapis.com/auth/cloudplatformprojects.readonly","https://www.googleapis.com/auth/firebase","openid"]
[debug] [2018-06-12T04:36:32.796Z] >>> HTTP REQUEST POST https://www.googleapis.com/oauth2/v3/token  
 { refresh_token: '1/MLDbebDTzcoCnkeBxbFnxH_vNDeKINpeVD8jToV4pRY',
  client_id: '563584335869-fgrhgmd47bqnekij5i8b5pr03ho849e6.apps.googleusercontent.com',
  client_secret: 'j9iVZfS8kkCEFUPaAeJV0sAi',
  grant_type: 'refresh_token',
  scope: 'email https://www.googleapis.com/auth/cloud-platform https://www.googleapis.com/auth/cloudplatformprojects.readonly https://www.googleapis.com/auth/firebase openid' } 
 Tue Jun 12 2018 12:36:32 GMT+0800 (Malay Peninsula Standard Time)
[debug] [2018-06-12T04:36:38.104Z] <<< HTTP RESPONSE 200
[debug] [2018-06-12T04:36:38.255Z] >>> HTTP REQUEST GET https://admin.firebase.com/v1/projects/mcauniforms-fa237  
  
 Tue Jun 12 2018 12:36:38 GMT+0800 (Malay Peninsula Standard Time)
[debug] [2018-06-12T04:36:39.655Z] <<< HTTP RESPONSE 400
[debug] [2018-06-12T04:36:39.655Z] <<< HTTP RESPONSE BODY
[info] 
[warn] !  Your CLI authentication needs to be updated to take advantage of new features.
[warn] !  Please run firebase login --reauth
[info] 
[debug] [2018-06-12T04:36:39.658Z] > command requires scopes: ["email","openid","https://www.googleapis.com/auth/cloudplatformprojects.readonly","https://www.googleapis.com/auth/firebase"]
[debug] [2018-06-12T04:36:39.658Z] > authorizing via signed-in user
[debug] [2018-06-12T04:36:39.658Z] > refreshing access token with scopes: ["email","https://www.googleapis.com/auth/cloudplatformprojects.readonly","https://www.googleapis.com/auth/firebase","openid"]
[debug] [2018-06-12T04:36:39.659Z] >>> HTTP REQUEST POST https://www.googleapis.com/oauth2/v3/token  
 { refresh_token: '1/MLDbebDTzcoCnkeBxbFnxH_vNDeKINpeVD8jToV4pRY',
  client_id: '563584335869-fgrhgmd47bqnekij5i8b5pr03ho849e6.apps.googleusercontent.com',
  client_secret: 'j9iVZfS8kkCEFUPaAeJV0sAi',
  grant_type: 'refresh_token',
  scope: 'email https://www.googleapis.com/auth/cloudplatformprojects.readonly https://www.googleapis.com/auth/firebase openid' } 
 Tue Jun 12 2018 12:36:39 GMT+0800 (Malay Peninsula Standard Time)
